# JRE version: Java(TM) SE Runtime Environment (8.0_45-b14) (build 1.8.0_45-b14)
# Java VM: Java HotSpot(TM) 64-Bit Server VM (25.45-b02 mixed mode bsd-amd64 compressed oops)
Heap:
 PSYoungGen      total 41472K, used 93K [0x000000076ab00000, 0x000000076dd00000, 0x00000007c0000000)
  eden space 35328K, 0% used [0x000000076ab00000,0x000000076ab17550,0x000000076cd80000)
  from space 6144K, 0% used [0x000000076cd80000,0x000000076cd80000,0x000000076d380000)
  to   space 6144K, 0% used [0x000000076d700000,0x000000076d700000,0x000000076dd00000)
 ParOldGen       total 175104K, used 18294K [0x00000006c0000000, 0x00000006cab00000, 0x000000076ab00000)
  object space 175104K, 10% used [0x00000006c0000000,0x00000006c11dda78,0x00000006cab00000)
 Metaspace       used 18210K, capacity 18518K, committed 18688K, reserved 1064960K
  class space    used 2384K, capacity 2481K, committed 2560K, reserved 1048576K
GC Heap History (10 events):
Event: 9455.041 GC heap before
{Heap before GC invocations=8699 (full 7):
 PSYoungGen      total 31744K, used 31392K [0x000000076ab00000, 0x000000076d280000, 0x00000007c0000000)
  eden space 31232K, 100% used [0x000000076ab00000,0x000000076c980000,0x000000076c980000)
  from space 512K, 31% used [0x000000076d180000,0x000000076d1a8000,0x000000076d200000)
  to   space 512K, 0% used [0x000000076d200000,0x000000076d200000,0x000000076d280000)
 ParOldGen       total 175104K, used 37056K [0x00000006c0000000, 0x00000006cab00000, 0x000000076ab00000)
  object space 175104K, 21% used [0x00000006c0000000,0x00000006c2430150,0x00000006cab00000)
 Metaspace       used 18217K, capacity 18536K, committed 18688K, reserved 1064960K
  class space    used 2388K, capacity 2488K, committed 2560K, reserved 1048576K
Event: 9455.049 GC heap after
Heap after GC invocations=8699 (full 7):
 PSYoungGen      total 31744K, used 497K [0x000000076ab00000, 0x000000076d280000, 0x00000007c0000000)
  eden space 31232K, 0% used [0x000000076ab00000,0x000000076ab00000,0x000000076c980000)
  from space 512K, 97% used [0x000000076d200000,0x000000076d27c660,0x000000076d280000)
  to   space 4096K, 0% used [0x000000076ca80000,0x000000076ca80000,0x000000076ce80000)
 ParOldGen       total 175104K, used 45832K [0x00000006c0000000, 0x00000006cab00000, 0x000000076ab00000)
  object space 175104K, 26% used [0x00000006c0000000,0x00000006c2cc20a8,0x00000006cab00000)
 Metaspace       used 18217K, capacity 18536K, committed 18688K, reserved 1064960K
  class space    used 2388K, capacity 2488K, committed 2560K, reserved 1048576K
}
Event: 9455.075 GC heap before
{Heap before GC invocations=8700 (full 7):
 PSYoungGen      total 31744K, used 31729K [0x000000076ab00000, 0x000000076d280000, 0x00000007c0000000)
  eden space 31232K, 100% used [0x000000076ab00000,0x000000076c980000,0x000000076c980000)
  from space 512K, 97% used [0x000000076d200000,0x000000076d27c660,0x000000076d280000)
  to   space 4096K, 0% used [0x000000076ca80000,0x000000076ca80000,0x000000076ce80000)
 ParOldGen       total 175104K, used 45832K [0x00000006c0000000, 0x00000006cab00000, 0x000000076ab00000)
  object space 175104K, 26% used [0x00000006c0000000,0x00000006c2cc20a8,0x00000006cab00000)
 Metaspace       used 18218K, capacity 18536K, committed 18688K, reserved 1064960K
  class space    used 2388K, capacity 2488K, committed 2560K, reserved 1048576K
Event: 9455.076 GC heap after
Heap after GC invocations=8700 (full 7):
 PSYoungGen      total 36352K, used 1376K [0x000000076ab00000, 0x000000076d700000, 0x00000007c0000000)
  eden space 32256K, 0% used [0x000000076ab00000,0x000000076ab00000,0x000000076ca80000)
  from space 4096K, 33% used [0x000000076ca80000,0x000000076cbd8010,0x000000076ce80000)
  to   space 3584K, 0% used [0x000000076d380000,0x000000076d380000,0x000000076d700000)
 ParOldGen       total 175104K, used 46321K [0x00000006c0000000, 0x00000006cab00000, 0x000000076ab00000)
  object space 175104K, 26% used [0x00000006c0000000,0x00000006c2d3c760,0x00000006cab00000)
 Metaspace       used 18218K, capacity 18536K, committed 18688K, reserved 1064960K
  class space    used 2388K, capacity 2488K, committed 2560K, reserved 1048576K
}
Event: 9455.123 GC heap before
{Heap before GC invocations=8701 (full 7):
 PSYoungGen      total 36352K, used 33632K [0x000000076ab00000, 0x000000076d700000, 0x00000007c0000000)
  eden space 32256K, 100% used [0x000000076ab00000,0x000000076ca80000,0x000000076ca80000)
  from space 4096K, 33% used [0x000000076ca80000,0x000000076cbd8010,0x000000076ce80000)
  to   space 3584K, 0% used [0x000000076d380000,0x000000076d380000,0x000000076d700000)
 ParOldGen       total 175104K, used 46321K [0x00000006c0000000, 0x00000006cab00000, 0x000000076ab00000)
  object space 175104K, 26% used [0x00000006c0000000,0x00000006c2d3c760,0x00000006cab00000)
 Metaspace       used 18219K, capacity 18536K, committed 18688K, reserved 1064960K
  class space    used 2388K, capacity 2488K, committed 2560K, reserved 1048576K
Event: 9455.129 GC heap after
Heap after GC invocations=8701 (full 7):
 PSYoungGen      total 38912K, used 3568K [0x000000076ab00000, 0x000000076dd00000, 0x00000007c0000000)
  eden space 35328K, 0% used [0x000000076ab00000,0x000000076ab00000,0x000000076cd80000)
  from space 3584K, 99% used [0x000000076d380000,0x000000076d6fc088,0x000000076d700000)
  to   space 6144K, 0% used [0x000000076cd80000,0x000000076cd80000,0x000000076d380000)
 ParOldGen       total 175104K, used 51313K [0x00000006c0000000, 0x00000006cab00000, 0x000000076ab00000)
  object space 175104K, 29% used [0x00000006c0000000,0x00000006c321c760,0x00000006cab00000)
 Metaspace       used 18219K, capacity 18536K, committed 18688K, reserved 1064960K
  class space    used 2388K, capacity 2488K, committed 2560K, reserved 1048576K
}
Event: 9520.161 GC heap before
{Heap before GC invocations=8702 (full 7):
 PSYoungGen      total 38912K, used 5428K [0x000000076ab00000, 0x000000076dd00000, 0x00000007c0000000)
  eden space 35328K, 5% used [0x000000076ab00000,0x000000076acd12f8,0x000000076cd80000)
  from space 3584K, 99% used [0x000000076d380000,0x000000076d6fc088,0x000000076d700000)
  to   space 6144K, 0% used [0x000000076cd80000,0x000000076cd80000,0x000000076d380000)
 ParOldGen       total 175104K, used 51313K [0x00000006c0000000, 0x00000006cab00000, 0x000000076ab00000)
  object space 175104K, 29% used [0x00000006c0000000,0x00000006c321c760,0x00000006cab00000)
 Metaspace       used 18221K, capacity 18536K, committed 18688K, reserved 1064960K
  class space    used 2388K, capacity 2488K, committed 2560K, reserved 1048576K
Event: 9520.165 GC heap after
Heap after GC invocations=8702 (full 7):
 PSYoungGen      total 41472K, used 288K [0x000000076ab00000, 0x000000076dd00000, 0x00000007c0000000)
  eden space 35328K, 0% used [0x000000076ab00000,0x000000076ab00000,0x000000076cd80000)
  from space 6144K, 4% used [0x000000076cd80000,0x000000076cdc8000,0x000000076d380000)
  to   space 6144K, 0% used [0x000000076d700000,0x000000076d700000,0x000000076dd00000)
 ParOldGen       total 175104K, used 54925K [0x00000006c0000000, 0x00000006cab00000, 0x000000076ab00000)
  object space 175104K, 31% used [0x00000006c0000000,0x00000006c35a35c0,0x00000006cab00000)
 Metaspace       used 18221K, capacity 18536K, committed 18688K, reserved 1064960K
  class space    used 2388K, capacity 2488K, committed 2560K, reserved 1048576K
}
Event: 9520.165 GC heap before
{Heap before GC invocations=8703 (full 8):
 PSYoungGen      total 41472K, used 288K [0x000000076ab00000, 0x000000076dd00000, 0x00000007c0000000)
  eden space 35328K, 0% used [0x000000076ab00000,0x000000076ab00000,0x000000076cd80000)
  from space 6144K, 4% used [0x000000076cd80000,0x000000076cdc8000,0x000000076d380000)
  to   space 6144K, 0% used [0x000000076d700000,0x000000076d700000,0x000000076dd00000)
 ParOldGen       total 175104K, used 54925K [0x00000006c0000000, 0x00000006cab00000, 0x000000076ab00000)
  object space 175104K, 31% used [0x00000006c0000000,0x00000006c35a35c0,0x00000006cab00000)
 Metaspace       used 18221K, capacity 18536K, committed 18688K, reserved 1064960K
  class space    used 2388K, capacity 2488K, committed 2560K, reserved 1048576K
Event: 9520.243 GC heap after
Heap after GC invocations=8703 (full 8):
 PSYoungGen      total 41472K, used 0K [0x000000076ab00000, 0x000000076dd00000, 0x00000007c0000000)
  eden space 35328K, 0% used [0x000000076ab00000,0x000000076ab00000,0x000000076cd80000)
  from space 6144K, 0% used [0x000000076cd80000,0x000000076cd80000,0x000000076d380000)
  to   space 6144K, 0% used [0x000000076d700000,0x000000076d700000,0x000000076dd00000)
 ParOldGen       total 175104K, used 18294K [0x00000006c0000000, 0x00000006cab00000, 0x000000076ab00000)
  object space 175104K, 10% used [0x00000006c0000000,0x00000006c11dda78,0x00000006cab00000)
 Metaspace       used 18210K, capacity 18518K, committed 18688K, reserved 1064960K
  class space    used 2384K, capacity 2481K, committed 2560K, reserved 1048576K
}

